<?xml version="1.0" encoding="UTF-8"?>
<!-- Generated by org.testng.reporters.JUnitXMLReporter -->
<testsuite ignored="0" hostname="DESKTOP-1P6AEOB" failures="0" tests="15" name="Default test" time="0.361" errors="0" timestamp="2024-01-23T10:29:44 IST">
  <testcase classname="demo_project.First_project1" name="@BeforeMethod browser" time="-1.705985983791E9">
    <failure type="org.testng.TestNGException" message="
Parameter &amp;apos;user&amp;apos; is required by BeforeMethod on method browser but has not been marked @Optional or defined
in C:\Users\BALU\AppData\Local\Temp\testng-eclipse-1006942383\testng-customsuite.xml">
      <![CDATA[org.testng.TestNGException: 
Parameter 'user' is required by BeforeMethod on method browser but has not been marked @Optional or defined
in C:\Users\BALU\AppData\Local\Temp\testng-eclipse-1006942383\testng-customsuite.xml
at org.testng.internal.Parameters.createParams(Parameters.java:270)
at org.testng.internal.Parameters.createParametersForMethod(Parameters.java:358)
at org.testng.internal.Parameters.createParameters(Parameters.java:700)
at org.testng.internal.Parameters.createConfigurationParameters(Parameters.java:168)
at org.testng.internal.ConfigInvoker.invokeConfigurations(ConfigInvoker.java:302)
at org.testng.internal.TestInvoker.runConfigMethods(TestInvoker.java:700)
at org.testng.internal.TestInvoker.invokeMethod(TestInvoker.java:527)
at org.testng.internal.TestInvoker.invokeTestMethod(TestInvoker.java:173)
at org.testng.internal.MethodRunner.runInSequence(MethodRunner.java:46)
at org.testng.internal.TestInvoker$MethodInvocationAgent.invoke(TestInvoker.java:824)
at org.testng.internal.TestInvoker.invokeTestMethods(TestInvoker.java:146)
at org.testng.internal.TestMethodWorker.invokeTestMethods(TestMethodWorker.java:146)
at org.testng.internal.TestMethodWorker.run(TestMethodWorker.java:128)
at java.base/java.util.ArrayList.forEach(ArrayList.java:1511)
at org.testng.TestRunner.privateRun(TestRunner.java:794)
at org.testng.TestRunner.run(TestRunner.java:596)
at org.testng.SuiteRunner.runTest(SuiteRunner.java:377)
at org.testng.SuiteRunner.runSequentially(SuiteRunner.java:371)
at org.testng.SuiteRunner.privateRun(SuiteRunner.java:332)
at org.testng.SuiteRunner.run(SuiteRunner.java:276)
at org.testng.SuiteRunnerWorker.runSuite(SuiteRunnerWorker.java:53)
at org.testng.SuiteRunnerWorker.run(SuiteRunnerWorker.java:96)
at org.testng.TestNG.runSuitesSequentially(TestNG.java:1212)
at org.testng.TestNG.runSuitesLocally(TestNG.java:1134)
at org.testng.TestNG.runSuites(TestNG.java:1063)
at org.testng.TestNG.run(TestNG.java:1031)
at org.testng.remote.AbstractRemoteTestNG.run(AbstractRemoteTestNG.java:115)
at org.testng.remote.RemoteTestNG.initAndRun(RemoteTestNG.java:251)
at org.testng.remote.RemoteTestNG.main(RemoteTestNG.java:77)
]]>
    </failure>
  </testcase> <!-- @BeforeMethod browser -->
  <testcase classname="demo_project.First_project1" name="@BeforeMethod browser" time="-1.705985983846E9">
    <skipped/>
  </testcase> <!-- @BeforeMethod browser -->
  <testcase classname="demo_project.First_project1" name="@BeforeMethod browser" time="-1.70598598389E9">
    <skipped/>
  </testcase> <!-- @BeforeMethod browser -->
  <testcase classname="demo_project.First_project1" name="@BeforeMethod browser" time="-1.705985983919E9">
    <skipped/>
  </testcase> <!-- @BeforeMethod browser -->
  <testcase classname="demo_project.First_project1" name="@BeforeMethod browser" time="-1.705985983941E9">
    <skipped/>
  </testcase> <!-- @BeforeMethod browser -->
  <testcase classname="demo_project.First_project1" name="@BeforeMethod browser" time="-1.705985983961E9">
    <skipped/>
  </testcase> <!-- @BeforeMethod browser -->
  <testcase classname="demo_project.First_project1" name="@BeforeMethod browser" time="-1.705985983975E9">
    <skipped/>
  </testcase> <!-- @BeforeMethod browser -->
  <testcase classname="demo_project.First_project1" name="@BeforeMethod browser" time="-1.705985983985E9">
    <skipped/>
  </testcase> <!-- @BeforeMethod browser -->
  <testcase classname="demo_project.First_project1" name="@BeforeMethod browser" time="-1.705985983989E9">
    <skipped/>
  </testcase> <!-- @BeforeMethod browser -->
  <testcase classname="demo_project.First_project1" name="@BeforeMethod browser" time="-1.705985983995E9">
    <skipped/>
  </testcase> <!-- @BeforeMethod browser -->
  <testcase classname="demo_project.First_project1" name="@BeforeMethod browser" time="-1.705985984004E9">
    <skipped/>
  </testcase> <!-- @BeforeMethod browser -->
  <testcase classname="demo_project.First_project1" name="@BeforeMethod browser" time="-1.705985984009E9">
    <skipped/>
  </testcase> <!-- @BeforeMethod browser -->
  <testcase classname="demo_project.First_project1" name="@BeforeMethod browser" time="-1.705985984013E9">
    <skipped/>
  </testcase> <!-- @BeforeMethod browser -->
  <testcase classname="demo_project.First_project1" name="@BeforeMethod browser" time="-1.70598598402E9">
    <skipped/>
  </testcase> <!-- @BeforeMethod browser -->
  <testcase classname="demo_project.First_project1" name="@BeforeMethod browser" time="-1.705985984028E9">
    <skipped/>
  </testcase> <!-- @BeforeMethod browser -->
  <testcase classname="demo_project.First_project1" name="newcustamer1" time="0.0">
    <skipped/>
  </testcase> <!-- newcustamer1 -->
  <testcase classname="demo_project.First_project1" name="editcustamer1" time="0.001">
    <skipped/>
  </testcase> <!-- editcustamer1 -->
  <testcase classname="demo_project.First_project1" name="delete_custamer" time="0.0">
    <skipped/>
  </testcase> <!-- delete_custamer -->
  <testcase classname="demo_project.First_project1" name="newaccount" time="0.0">
    <skipped/>
  </testcase> <!-- newaccount -->
  <testcase classname="demo_project.First_project1" name="deposit1" time="0.0">
    <skipped/>
  </testcase> <!-- deposit1 -->
  <testcase classname="demo_project.First_project1" name="changepassword1" time="0.0">
    <skipped/>
  </testcase> <!-- changepassword1 -->
  <testcase classname="demo_project.First_project1" name="logout" time="0.0">
    <skipped/>
  </testcase> <!-- logout -->
  <testcase classname="demo_project.First_project1" name="ministatement1" time="0.0">
    <skipped/>
  </testcase> <!-- ministatement1 -->
  <testcase classname="demo_project.First_project1" name="newcustomer" time="0.0">
    <skipped/>
  </testcase> <!-- newcustomer -->
  <testcase classname="demo_project.First_project1" name="edit_customer" time="0.0">
    <skipped/>
  </testcase> <!-- edit_customer -->
  <testcase classname="demo_project.First_project1" name="delete_customer" time="0.0">
    <skipped/>
  </testcase> <!-- delete_customer -->
  <testcase classname="demo_project.First_project1" name="new_account" time="0.0">
    <skipped/>
  </testcase> <!-- new_account -->
  <testcase classname="demo_project.First_project1" name="deposit" time="0.0">
    <skipped/>
  </testcase> <!-- deposit -->
  <testcase classname="demo_project.First_project1" name="changepassword" time="0.0">
    <skipped/>
  </testcase> <!-- changepassword -->
  <testcase classname="demo_project.First_project1" name="ministatement" time="0.0">
    <skipped/>
  </testcase> <!-- ministatement -->
</testsuite> <!-- Default test -->
