<?xml version="1.0" encoding="UTF-8"?>
<!-- Generated by org.testng.reporters.JUnitReportReporter -->
<testsuite hostname="DESKTOP-1P6AEOB" failures="0" tests="16" name="demo_project.First_project1" time="-1705985920.000" errors="1" timestamp="2024-01-23T10:29:44 IST" skipped="15">
  <testcase classname="demo_project.First_project1" name="browser" time="-1705985920.000">
    <error message="
Parameter &#039;user&#039; is required by BeforeMethod on method browser but has not been marked @Optional or defined
in C:\Users\BALU\AppData\Local\Temp\testng-eclipse-1006942383\testng-customsuite.xml" type="org.testng.TestNGException">
      <![CDATA[org.testng.TestNGException: 
Parameter 'user' is required by BeforeMethod on method browser but has not been marked @Optional or defined
in C:\Users\BALU\AppData\Local\Temp\testng-eclipse-1006942383\testng-customsuite.xml
at org.testng.internal.Parameters.createParams(Parameters.java:270)
at org.testng.internal.Parameters.createParametersForMethod(Parameters.java:358)
at org.testng.internal.Parameters.createParameters(Parameters.java:700)
at org.testng.internal.Parameters.createConfigurationParameters(Parameters.java:168)
at org.testng.internal.ConfigInvoker.invokeConfigurations(ConfigInvoker.java:302)
at org.testng.internal.TestInvoker.runConfigMethods(TestInvoker.java:700)
at org.testng.internal.TestInvoker.invokeMethod(TestInvoker.java:527)
at org.testng.internal.TestInvoker.invokeTestMethod(TestInvoker.java:173)
at org.testng.internal.MethodRunner.runInSequence(MethodRunner.java:46)
at org.testng.internal.TestInvoker$MethodInvocationAgent.invoke(TestInvoker.java:824)
at org.testng.internal.TestInvoker.invokeTestMethods(TestInvoker.java:146)
at org.testng.internal.TestMethodWorker.invokeTestMethods(TestMethodWorker.java:146)
at org.testng.internal.TestMethodWorker.run(TestMethodWorker.java:128)
at java.base/java.util.ArrayList.forEach(ArrayList.java:1511)
at org.testng.TestRunner.privateRun(TestRunner.java:794)
at org.testng.TestRunner.run(TestRunner.java:596)
at org.testng.SuiteRunner.runTest(SuiteRunner.java:377)
at org.testng.SuiteRunner.runSequentially(SuiteRunner.java:371)
at org.testng.SuiteRunner.privateRun(SuiteRunner.java:332)
at org.testng.SuiteRunner.run(SuiteRunner.java:276)
at org.testng.SuiteRunnerWorker.runSuite(SuiteRunnerWorker.java:53)
at org.testng.SuiteRunnerWorker.run(SuiteRunnerWorker.java:96)
at org.testng.TestNG.runSuitesSequentially(TestNG.java:1212)
at org.testng.TestNG.runSuitesLocally(TestNG.java:1134)
at org.testng.TestNG.runSuites(TestNG.java:1063)
at org.testng.TestNG.run(TestNG.java:1031)
at org.testng.remote.AbstractRemoteTestNG.run(AbstractRemoteTestNG.java:115)
at org.testng.remote.RemoteTestNG.initAndRun(RemoteTestNG.java:251)
at org.testng.remote.RemoteTestNG.main(RemoteTestNG.java:77)
]]>
    </error>
  </testcase> <!-- browser -->
  <system-out/>
  <testcase classname="demo_project.First_project1" name="newcustamer1" time="0.000">
    <skipped/>
  </testcase> <!-- newcustamer1 -->
  <system-out/>
  <testcase classname="demo_project.First_project1" name="editcustamer1" time="0.001">
    <skipped/>
  </testcase> <!-- editcustamer1 -->
  <system-out/>
  <testcase classname="demo_project.First_project1" name="delete_custamer" time="0.000">
    <skipped/>
  </testcase> <!-- delete_custamer -->
  <system-out/>
  <testcase classname="demo_project.First_project1" name="newaccount" time="0.000">
    <skipped/>
  </testcase> <!-- newaccount -->
  <system-out/>
  <testcase classname="demo_project.First_project1" name="deposit1" time="0.000">
    <skipped/>
  </testcase> <!-- deposit1 -->
  <system-out/>
  <testcase classname="demo_project.First_project1" name="changepassword1" time="0.000">
    <skipped/>
  </testcase> <!-- changepassword1 -->
  <system-out/>
  <testcase classname="demo_project.First_project1" name="ministatement1" time="0.000">
    <skipped/>
  </testcase> <!-- ministatement1 -->
  <system-out/>
  <testcase classname="demo_project.First_project1" name="newcustomer" time="0.000">
    <skipped/>
  </testcase> <!-- newcustomer -->
  <system-out/>
  <testcase classname="demo_project.First_project1" name="logout" time="0.000">
    <skipped/>
  </testcase> <!-- logout -->
  <system-out/>
  <testcase classname="demo_project.First_project1" name="edit_customer" time="0.000">
    <skipped/>
  </testcase> <!-- edit_customer -->
  <system-out/>
  <testcase classname="demo_project.First_project1" name="delete_customer" time="0.000">
    <skipped/>
  </testcase> <!-- delete_customer -->
  <system-out/>
  <testcase classname="demo_project.First_project1" name="new_account" time="0.000">
    <skipped/>
  </testcase> <!-- new_account -->
  <system-out/>
  <testcase classname="demo_project.First_project1" name="deposit" time="0.000">
    <skipped/>
  </testcase> <!-- deposit -->
  <system-out/>
  <testcase classname="demo_project.First_project1" name="changepassword" time="0.000">
    <skipped/>
  </testcase> <!-- changepassword -->
  <system-out/>
  <testcase classname="demo_project.First_project1" name="ministatement" time="0.000">
    <skipped/>
  </testcase> <!-- ministatement -->
  <system-out/>
</testsuite> <!-- demo_project.First_project1 -->
